<?xml version="1.0" encoding="UTF-8"?>
<!-- Generated by org.testng.reporters.JUnitReportReporter -->
<testsuite hostname="jawad" failures="0" tests="1" name="com.SaleForce.TestCases.TC_5" time="7.608" errors="0" timestamp="2024-05-19T21:52:14 EDT" skipped="0">
  <testcase classname="com.SaleForce.TestCases.TC_5" name="testCase_5" time="7.608"/>
  <system-out/>
</testsuite> <!-- com.SaleForce.TestCases.TC_5 -->
