<?xml version="1.0" encoding="UTF-8"?>
<!-- Generated by org.testng.reporters.JUnitReportReporter -->
<testsuite hostname="jawad" failures="0" tests="1" name="com.SaleForce.TestCases.TC_1LoginError" time="4.805" errors="0" timestamp="2024-05-19T14:20:26 EDT" skipped="0">
  <testcase classname="com.SaleForce.TestCases.TC_1LoginError" name="loginError" time="4.805"/>
  <system-out/>
</testsuite> <!-- com.SaleForce.TestCases.TC_1LoginError -->
