<?xml version="1.0" encoding="UTF-8"?>
<!-- Generated by org.testng.reporters.JUnitReportReporter -->
<testsuite hostname="jawad" failures="0" tests="1" name="com.SaleForce.TestCases.TC_4B_ForgotPassword" time="5.056" errors="0" timestamp="2024-05-19T15:34:48 EDT" skipped="0">
  <testcase classname="com.SaleForce.TestCases.TC_4B_ForgotPassword" name="invalidLoginCredentials" time="5.056"/>
  <system-out/>
</testsuite> <!-- com.SaleForce.TestCases.TC_4B_ForgotPassword -->
