<?xml version="1.0" encoding="UTF-8"?>
<!-- Generated by org.testng.reporters.JUnitReportReporter -->
<testsuite hostname="jawad" failures="0" tests="1" name="com.SaleForce.TestCases.TC_2Login" time="6.894" errors="0" timestamp="2024-05-19T14:26:40 EDT" skipped="0">
  <testcase classname="com.SaleForce.TestCases.TC_2Login" name="login" time="6.894"/>
  <system-out/>
</testsuite> <!-- com.SaleForce.TestCases.TC_2Login -->
