<?xml version="1.0" encoding="UTF-8"?>
<!-- Generated by org.testng.reporters.JUnitReportReporter -->
<testsuite hostname="jawad" failures="0" tests="1" name="com.SaleForce.TestCases.TC_4ForgotPassword" time="5.261" errors="0" timestamp="2024-05-19T15:22:47 EDT" skipped="0">
  <testcase classname="com.SaleForce.TestCases.TC_4ForgotPassword" name="forgotPassword" time="5.261"/>
  <system-out/>
</testsuite> <!-- com.SaleForce.TestCases.TC_4ForgotPassword -->
